<?xml version="1.0" encoding="UTF-8"?>
<!-- Generated by org.testng.reporters.JUnitReportReporter -->
<testsuite skipped="0" hostname="S3-PC" name="com.TestCases.Tc_004_Editstaff" tests="1" failures="0" timestamp="10 Apr 2018 07:08:37 GMT" time="7.055" errors="0">
  <testcase name="deletestaff1" time="7.055" classname="com.TestCases.Tc_004_Editstaff"/>
</testsuite> <!-- com.TestCases.Tc_004_Editstaff -->
