<?xml version="1.0" encoding="UTF-8"?>
<!-- Generated by org.testng.reporters.JUnitReportReporter -->
<testsuite skipped="0" hostname="S3-PC" name="com.TestCases.Tc_001_Login" tests="1" failures="0" timestamp="26 Apr 2018 05:01:39 GMT" time="7.785" errors="0">
  <testcase name="ValidateLoginCredentials" time="7.785" classname="com.TestCases.Tc_001_Login"/>
</testsuite> <!-- com.TestCases.Tc_001_Login -->
